[2026-02-25 02:41:43] HIT create_checkout.php
[2026-02-25 09:41:43] INSERT OK tx_id=37
[2026-02-25 02:45:51] HIT create_checkout.php
[2026-02-25 02:45:51] INSERT OK tx_id=38
[2026-02-25 02:46:32] HIT create_checkout.php
[2026-02-25 02:46:32] INSERT OK tx_id=39
[2026-02-25 02:56:42] HIT create_checkout.php
[2026-02-25 02:56:42] INSERT OK tx_id=40
[2026-02-25 02:58:40] HIT create_checkout.php
[2026-02-25 02:58:40] INSERT OK tx_id=41
[2026-02-25 03:00:13] HIT create_checkout.php
[2026-02-25 03:00:13] INSERT OK tx_id=1
[2026-02-25 03:06:34] HIT create_checkout.php
[2026-02-25 03:06:34] INSERT OK tx_id=2
[2026-02-25 04:04:28] HIT create_checkout.php
[2026-02-25 04:04:28] INSERT OK tx_id=3
[2026-02-27 16:35:23] HIT create_checkout.php
[2026-02-27 16:35:23] INSERT OK tx_id=13
[2026-02-27 16:48:17] HIT create_checkout.php
[2026-02-27 16:48:17] INSERT OK tx_id=16
[2026-02-27 16:50:16] HIT create_checkout.php
[2026-02-27 16:50:16] INSERT OK tx_id=17
[2026-02-27 16:56:12] HIT create_checkout.php
[2026-02-27 16:56:13] INSERT OK tx_id=18
[2026-02-27 16:56:24] HIT create_checkout.php
[2026-02-27 16:56:24] INSERT OK tx_id=19
[2026-02-27 16:56:49] HIT create_checkout.php
[2026-02-27 16:56:49] INSERT OK tx_id=20
[2026-02-27 17:02:38] HIT create_checkout.php
[2026-02-27 17:02:38] INSERT OK tx_id=21
[2026-02-27 17:03:12] HIT create_checkout.php
[2026-02-27 17:03:12] INSERT OK tx_id=22
[2026-02-27 17:17:18] HIT create_checkout.php
[2026-02-27 17:17:18] INSERT OK tx_id=23
[2026-02-27 17:21:23] HIT create_checkout.php
[2026-02-27 17:21:23] INSERT OK tx_id=24
[2026-02-27 17:56:39] HIT create_checkout.php
[2026-02-27 17:56:39] INSERT OK tx_id=25
[2026-02-27 17:59:28] HIT create_checkout.php
[2026-02-27 17:59:28] INSERT OK tx_id=26
[2026-02-27 18:45:59] HIT create_checkout.php
[2026-02-27 18:46:00] INSERT OK tx_id=27
[2026-02-27 19:10:19] HIT create_checkout.php
[2026-02-27 19:10:19] INSERT OK tx_id=28
[2026-03-05 03:43:52] HIT create_checkout.php
[2026-03-05 03:43:52] INSERT OK tx_id=3
[2026-03-05 03:44:36] HIT create_checkout.php
[2026-03-05 03:44:36] INSERT OK tx_id=4
[2026-03-05 03:46:34] HIT create_checkout.php
[2026-03-05 03:46:34] INSERT OK tx_id=5
[2026-03-09 17:13:48] HIT create_checkout.php
[2026-03-09 17:13:48] INSERT OK tx_id=29
[2026-03-09 17:14:03] HIT create_checkout.php
[2026-03-09 17:14:03] INSERT OK tx_id=30
[2026-03-09 17:17:07] HIT create_checkout.php
[2026-03-09 17:17:07] INSERT OK tx_id=31
[2026-03-10 16:40:37] HIT create_checkout.php
[2026-03-10 16:41:53] HIT create_checkout.php
[2026-03-10 16:44:22] HIT create_checkout.php
[2026-03-10 16:44:22] INSERT OK tx_id=43
[2026-03-10 16:48:22] HIT create_checkout.php
[2026-03-10 16:48:22] INSERT OK tx_id=44
[2026-03-10 16:54:29] HIT create_checkout.php
[2026-03-10 16:54:29] INSERT OK tx_id=45
[2026-03-10 17:02:05] HIT create_checkout.php
[2026-03-10 17:02:05] INSERT OK tx_id=46
[2026-03-10 18:37:19] HIT create_checkout.php
[2026-03-10 18:37:19] INSERT OK tx_id=47
[2026-03-11 12:36:02] HIT create_checkout.php
[2026-03-11 12:36:02] INSERT OK tx_id=48
[2026-03-11 20:56:07] HIT create_checkout.php
[2026-03-11 21:00:35] HIT create_checkout.php
[2026-03-11 21:56:44] HIT create_checkout.php
[2026-03-11 22:04:41] HIT create_checkout.php
[2026-03-11 22:07:56] HIT create_checkout.php
[2026-03-11 22:08:56] HIT create_checkout.php
[2026-03-11 22:08:56] INSERT OK tx_id=54 source=original loan_id=13 restructured_loan_id=0
[2026-03-12 03:03:01] HIT create_checkout.php
[2026-03-12 03:03:01] INSERT OK tx_id=55 source=original loan_id=15 restructured_loan_id=0
[2026-03-12 03:04:52] HIT create_checkout.php
[2026-03-12 03:05:04] HIT create_checkout.php
[2026-03-15 13:50:00] HIT create_checkout.php
[2026-03-15 13:50:00] INSERT OK tx_id=56 source=original loan_id=18 restructured_loan_id=0
[2026-03-15 13:53:55] HIT create_checkout.php
[2026-03-15 14:12:25] HIT create_checkout.php
[2026-03-15 14:12:25] INSERT OK tx_id=58 source=original loan_id=18 restructured_loan_id=0
[2026-03-15 14:14:05] HIT create_checkout.php
[2026-03-15 14:15:23] HIT create_checkout.php
[2026-03-15 14:26:52] HIT create_checkout.php
[2026-03-15 14:34:32] HIT create_checkout.php
[2026-03-15 14:34:32] BEFORE INSERT source=restructured loan_id=18 restructured_loan_id=6 user_id=12 amount=1665.11
[2026-03-15 14:34:32] INSERT OK tx_id=62 source=restructured loan_id=18 restructured_loan_id=6
[2026-03-15 14:41:29] HIT create_checkout.php
[2026-03-15 14:41:29] BEFORE INSERT source=restructured loan_id=18 restructured_loan_id=6 user_id=12 amount=1665.11
[2026-03-15 14:41:29] INSERT OK tx_id=63 source=restructured loan_id=18 restructured_loan_id=6
